app/build/outputs/mapping/debug/seeds.txt
com.cleanarchitecturesample.feature_clean_sample.presentation.login.LoginViewModel
com.cleanarchitecturesample.feature_clean_sample.core.application.BaseApplication
com.cleanarchitecturesample.feature_clean_sample.presentation.login.LoginActivity_GeneratedInjector
com.cleanarchitecturesample.feature_clean_sample.presentation.login.LoginActivity
com.cleanarchitecturesample.feature_clean_sample.presentation.register.RegisterActivity_GeneratedInjector
com.cleanarchitecturesample.feature_clean_sample.data.api.ApiService
com.cleanarchitecturesample.feature_clean_sample.presentation.register.RegistrationViewModel
com.cleanarchitecturesample.feature_clean_sample.presentation.register.RegisterActivity
com.cleanarchitecturesample.feature_clean_sample.presentation.dashboard.RestaurantViewModel
com.cleanarchitecturesample.DataBinderMapperImpl
com.cleanarchitecturesample.feature_clean_sample.data.database.MyDatabase_Impl
com.cleanarchitecturesample.feature_clean_sample.presentation.dashboard.DashboardActivity
com.cleanarchitecturesample.feature_clean_sample.data.database.MyDatabase
com.cleanarchitecturesample.feature_clean_sample.core.application.BaseApplication_GeneratedInjector
com.cleanarchitecturesample.feature_clean_sample.presentation.dashboard.DashboardActivity_GeneratedInjector
com.cleanarchitecturesample.feature_clean_sample.domain.model.User: android.os.Parcelable$Creator CREATOR
com.cleanarchitecturesample.feature_clean_sample.core.viewmodel.BaseViewModel: BaseViewModel()
com.cleanarchitecturesample.feature_clean_sample.presentation.dashboard.RestaurantAdapter: RestaurantAdapter()
com.cleanarchitecturesample.feature_clean_sample.data.database.MyDatabase_Impl: MyDatabase_Impl()
com.cleanarchitecturesample.feature_clean_sample.presentation.login.Hilt_LoginActivity: Hilt_LoginActivity()
com.cleanarchitecturesample.feature_clean_sample.presentation.dashboard.DashboardActivity: DashboardActivity()
com.cleanarchitecturesample.feature_clean_sample.core.application.Hilt_BaseApplication: Hilt_BaseApplication()
com.cleanarchitecturesample.feature_clean_sample.data.database.MyDatabase: MyDatabase()
com.cleanarchitecturesample.DataBinderMapperImpl: DataBinderMapperImpl()
com.cleanarchitecturesample.feature_clean_sample.presentation.login.LoginActivity: LoginActivity()
com.cleanarchitecturesample.feature_clean_sample.presentation.register.Hilt_RegisterActivity: Hilt_RegisterActivity()
com.cleanarchitecturesample.feature_clean_sample.domain.model.User: User()
com.cleanarchitecturesample.feature_clean_sample.presentation.dashboard.Hilt_DashboardActivity: Hilt_DashboardActivity()
com.cleanarchitecturesample.feature_clean_sample.data.api.ApiService: java.lang.Object getRestaurants(kotlin.coroutines.Continuation)
com.cleanarchitecturesample.feature_clean_sample.core.application.BaseApplication: BaseApplication()
com.cleanarchitecturesample.feature_clean_sample.presentation.register.RegisterActivity: RegisterActivity()
com.cleanarchitecturesample.feature_clean_sample.presentation.util.FormValidation: FormValidation()
...
com.google.android.material.card.MaterialCardView
androidx.appcompat.widget.ContentFrameLayout
androidx.appcompat.widget.DialogTitle
dagger.hilt.android.internal.managers.ViewComponentManager$FragmentContextWrapper$1
androidx.versionedparcelable.ParcelImpl
com.google.android.material.transformation.FabTransformationBehavior
androidx.activity.OnBackPressedDispatcher$LifecycleOnBackPressedCancellable
dagger.hilt.android.internal.lifecycle.HiltViewModelFactory$ViewModelFactoriesEntryPoint
androidx.appcompat.widget.ButtonBarLayout
androidx.fragment.app.DialogFragment
kotlin.jvm.internal.DefaultConstructorMarker
androidx.appcompat.widget.ActionBarContextView
com.google.android.material.transformation.FabTransformationSheetBehavior
androidx.appcompat.widget.AlertDialogLayout
com.google.android.material.bottomsheet.BottomSheetBehavior
androidx.lifecycle.ReflectiveGenericLifecycleObserver
androidx.annotation.Keep
androidx.transition.FragmentTransitionSupport
androidx.activity.result.ActivityResultRegistry$1
androidx.lifecycle.WithLifecycleStateKt$suspendWithStateAtLeastUnchecked$2$observer$1
androidx.coordinatorlayout.widget.CoordinatorLayout
com.google.android.material.timepicker.TimePickerView
kotlin.coroutines.jvm.internal.BaseContinuationImpl
androidx.viewpager2.adapter.FragmentStateAdapter$FragmentMaxLifecycleEnforcer$3
androidx.lifecycle.LegacySavedStateHandleController$1
com.google.android.material.datepicker.MaterialDatePicker
androidx.emoji2.text.EmojiCompatInitializer$1
androidx.fragment.app.Fragment$6
com.google.android.material.theme.MaterialComponentsViewInflater
coil.request.ViewTargetRequestDelegate
kotlin.Metadata
com.google.android.material.timepicker.ChipTextInputComboView
com.google.android.material.bottomappbar.BottomAppBar$Behavior
com.google.android.material.internal.BaselineLayout
androidx.appcompat.view.menu.ListMenuItemView
com.google.android.material.button.MaterialButtonToggleGroup
androidx.appcompat.widget.Toolbar
androidx.lifecycle.LiveData$LifecycleBoundObserver
androidx.appcompat.widget.FitWindowsLinearLayout
com.google.android.material.datepicker.MaterialCalendar
com.google.android.material.appbar.AppBarLayout$BaseBehavior
androidx.recyclerview.widget.GridLayoutManager
androidx.viewpager2.adapter.FragmentStateAdapter$2
androidx.swiperefreshlayout.widget.SwipeRefreshLayout
coil.request.BaseRequestDelegate
com.google.android.material.textfield.TextInputLayout
com.google.android.material.appbar.AppBarLayout$ScrollingViewBehavior
androidx.core.app.RemoteActionCompatParcelizer
androidx.recyclerview.widget.LinearLayoutManager
com.google.android.material.floatingactionbutton.ExtendedFloatingActionButton$ExtendedFloatingActionButtonBehavior
com.google.android.material.textview.MaterialTextView
androidx.lifecycle.CompositeGeneratedAdaptersObserver
androidx.core.widget.NestedScrollView
androidx.viewpager2.adapter.FragmentStateAdapter$5
com.google.android.material.behavior.SwipeDismissBehavior
com.google.android.material.datepicker.MaterialCalendarGridView
com.google.android.material.behavior.HideBottomViewOnScrollBehavior
com.google.android.material.button.MaterialButton
com.google.android.material.textfield.TextInputEditText
androidx.core.graphics.drawable.IconCompat
androidx.lifecycle.Lifecycle$Event: androidx.lifecycle.Lifecycle$Event ON_START
kotlinx.coroutines.ThreadState: int _state
kotlinx.coroutines.EventLoopImplBase: int _isCompleted
kotlinx.coroutines.internal.ConcurrentLinkedListNode: java.lang.Object _prev
kotlinx.coroutines.internal.LimitedDispatcher: int runningWorkers
kotlinx.coroutines.sync.SemaphoreImpl: long deqIdx
kotlinx.coroutines.scheduling.WorkQueue: int producerIndex
com.google.android.material.internal.CheckableImageButton$SavedState: android.os.Parcelable$Creator CREATOR
androidx.fragment.app.FragmentState: android.os.Parcelable$Creator CREATOR
kotlinx.coroutines.sync.SemaphoreImpl: java.lang.Object head
kotlinx.coroutines.DefaultExecutor: int debugStatus