app/build/outputs/mapping/debug/usage.txt
com.cleanarchitecturesample.BR
com.cleanarchitecturesample.BuildConfig:
    public static final java.lang.String APPLICATION_ID
    public static final java.lang.String BUILD_TYPE
    public static final int VERSION_CODE
    public static final java.lang.String VERSION_NAME
    public void <init>()
com.cleanarchitecturesample.DataBinderMapperImpl$InnerBrLookup
com.cleanarchitecturesample.DataBinderMapperImpl$InnerLayoutIdLookup
com.cleanarchitecturesample.DataBinderMapperImpl:
    private static final int LAYOUT_ACTIVITYDASHBOARD
    private static final int LAYOUT_ACTIVITYLOGIN
    private static final int LAYOUT_ACTIVITYREGISTER
    private static final int LAYOUT_ITEMROWLAYOUT
    public java.lang.String convertBrIdToString(int)
    public int getLayoutId(java.lang.String)
com.cleanarchitecturesample.DataBindingTriggerClass
com.cleanarchitecturesample.R$color
com.cleanarchitecturesample.R$dimen
com.cleanarchitecturesample.R$drawable
com.cleanarchitecturesample.R$id
com.cleanarchitecturesample.R$layout
com.cleanarchitecturesample.R$mipmap
com.cleanarchitecturesample.R$string
com.cleanarchitecturesample.R$style
com.cleanarchitecturesample.R$xml
com.cleanarchitecturesample.R
com.cleanarchitecturesample.databinding.ActivityDashboardBinding:
    protected com.cleanarchitecturesample.feature_clean_sample.domain.model.User mUser
    public static com.cleanarchitecturesample.databinding.ActivityDashboardBinding bind(android.view.View)
    public static com.cleanarchitecturesample.databinding.ActivityDashboardBinding bind(android.view.View,java.lang.Object)
    public com.cleanarchitecturesample.feature_clean_sample.domain.model.User getUser()
    public static com.cleanarchitecturesample.databinding.ActivityDashboardBinding inflate(android.view.LayoutInflater)
    public static com.cleanarchitecturesample.databinding.ActivityDashboardBinding inflate(android.view.LayoutInflater,android.view.ViewGroup,boolean)
    public static com.cleanarchitecturesample.databinding.ActivityDashboardBinding inflate(android.view.LayoutInflater,android.view.ViewGroup,boolean,java.lang.Object)
    public static com.cleanarchitecturesample.databinding.ActivityDashboardBinding inflate(android.view.LayoutInflater,java.lang.Object)
    public abstract void setUser(com.cleanarchitecturesample.feature_clean_sample.domain.model.User)
com.cleanarchitecturesample.databinding.ActivityDashboardBindingImpl:
    protected boolean onFieldChange(int,java.lang.Object,int)
    public void setUser(com.cleanarchitecturesample.feature_clean_sample.domain.model.User)
    public boolean setVariable(int,java.lang.Object)
com.cleanarchitecturesample.databinding.ActivityLoginBinding:
    public static com.cleanarchitecturesample.databinding.ActivityLoginBinding bind(android.view.View)
    public static com.cleanarchitecturesample.databinding.ActivityLoginBinding bind(android.view.View,java.lang.Object)
    public com.cleanarchitecturesample.feature_clean_sample.presentation.login.LoginViewModel getLoginViewModel()
    public static com.cleanarchitecturesample.databinding.ActivityLoginBinding inflate(android.view.LayoutInflater)
    public static com.cleanarchitecturesample.databinding.ActivityLoginBinding inflate(android.view.LayoutInflater,android.view.ViewGroup,boolean)
    public static com.cleanarchitecturesample.databinding.ActivityLoginBinding inflate(android.view.LayoutInflater,android.view.ViewGroup,boolean,java.lang.Object)
    public static com.cleanarchitecturesample.databinding.ActivityLoginBinding inflate(android.view.LayoutInflater,java.lang.Object)
com.cleanarchitecturesample.databinding.ActivityLoginBindingImpl:
    protected boolean onFieldChange(int,java.lang.Object,int)
    public boolean setVariable(int,java.lang.Object)
...
kotlin.SuspendKt
kotlin.SynchronizedLazyImpl:
    private final java.lang.Object writeReplace()
kotlin.ThrowsKt
kotlin.Triple:
    public final kotlin.Triple copy(java.lang.Object,java.lang.Object,java.lang.Object)
    public static synthetic kotlin.Triple copy$default(kotlin.Triple,java.lang.Object,java.lang.Object,java.lang.Object,int,java.lang.Object)
    public final java.lang.Object getFirst()
    public final java.lang.Object getSecond()
kotlin.TuplesKt:
    public static final java.util.List toList(kotlin.Pair)
    public static final java.util.List toList(kotlin.Triple)
kotlin.TypeAliasesKt
kotlin.TypeCastException
kotlin.UByte$Companion
kotlin.UByte
kotlin.UByteArray$Iterator
kotlin.UByteArray
kotlin.UByteArrayKt
kotlin.UByteKt
kotlin.UInt$Companion
kotlin.UInt
kotlin.UIntArray$Iterator
kotlin.UIntArray
kotlin.UIntArrayKt
kotlin.UIntKt
kotlin.ULong$Companion
kotlin.ULong
kotlin.ULongArray$Iterator
kotlin.ULongArray
kotlin.ULongArrayKt
kotlin.ULongKt
kotlin.UNumbersKt
kotlin.UShort$Companion
kotlin.UShort
kotlin.UShortArray$Iterator
kotlin.UShortArray
kotlin.UShortArrayKt
kotlin.UShortKt
kotlin.UninitializedPropertyAccessException:
    public void <init>(java.lang.String,java.lang.Throwable)
    public void <init>(java.lang.Throwable)
kotlin.UnsafeLazyImpl:
    private final java.lang.Object writeReplace()
kotlin.UnsafeVariance
kotlin.UnsignedKt
kotlin.UseExperimental
kotlin.WasExperimental
kotlin._Assertions:
    public static synthetic void getENABLED$annotations()
kotlin.annotation.AnnotationRetention
kotlin.annotation.AnnotationTarget
kotlin.annotation.MustBeDocumented
kotlin.annotation.Repeatable
kotlin.annotation.Retention
kotlin.annotation.Target
kotlin.collections.AbstractCollection:
    public abstract java.util.Iterator iterator()
kotlin.collections.AbstractIterator$WhenMappings
kotlin.collections.AbstractIterator
kotlin.collections.AbstractList:
    public abstract int getSize()
kotlin.collections.AbstractMap$Companion
kotlin.collections.AbstractMap$keys$1$iterator$1
kotlin.collections.AbstractMap$keys$1
kotlin.collections.AbstractMap$toString$1
kotlin.collections.AbstractMap$values$1$iterator$1
kotlin.collections.AbstractMap$values$1
kotlin.collections.AbstractMap
kotlin.collections.AbstractMutableCollection:
    public abstract boolean add(java.lang.Object)
kotlin.collections.AbstractMutableList:
    public abstract void add(int,java.lang.Object)
    public abstract java.lang.Object set(int,java.lang.Object)
kotlin.collections.AbstractMutableMap:
    public abstract java.lang.Object put(java.lang.Object,java.lang.Object)
kotlin.collections.AbstractMutableSet:
    public abstract boolean add(java.lang.Object)
kotlin.collections.AbstractSet$Companion
kotlin.collections.AbstractSet
kotlin.collections.ArrayAsCollection:
    public final java.lang.Object[] getValues()
    public final boolean isVarargs()
kotlin.collections.ArrayDeque:
    private static final int defaultMinCapacity
    private static final int maxArraySize
    public void <init>(int)
    public void <init>(java.util.Collection)
    private final boolean filterInPlace(kotlin.jvm.functions.Function1)
    public final java.lang.Object first()
    public final java.lang.Object firstOrNull()
    private final java.lang.Object internalGet(int)
    private final int internalIndex(int)
    public final void internalStructure$kotlin_stdlib(kotlin.jvm.functions.Function2)
    public final java.lang.Object last()
    public final java.lang.Object lastOrNull()
    public final java.lang.Object removeFirstOrNull()
    public final java.lang.Object removeLastOrNull()
    public final java.lang.Object[] testToArray$kotlin_stdlib()
    public final java.lang.Object[] testToArray$kotlin_stdlib(java.lang.Object[])
kotlin.collections.ArraysKt:
    private void <init>()